<?xml version="1.0" encoding="UTF-8"?>
<!-- Generated by org.testng.reporters.JUnitReportReporter -->
<testsuite skipped="0" hostname="BHUSHAN" name="testngpack.Flag1" tests="2" failures="0" timestamp="2022-08-30T13:43:24 IST" time="0.030" errors="0">
  <testcase name="invalidActiTimeTest" time="0.030" classname="testngpack.Flag1"/>
  <system-out>
    <![CDATA[valid login is performed]]>
  </system-out>
  <testcase name="validActiTimeTest" time="0.000" classname="testngpack.Flag1"/>
  <system-out>
    <![CDATA[valid login is performed]]>
  </system-out>
</testsuite> <!-- testngpack.Flag1 -->
