<?xml version="1.0" encoding="UTF-8"?>
<!-- Generated by org.testng.reporters.JUnitReportReporter -->
<testsuite skipped="0" hostname="BHUSHAN" name="testngpack.Demo1" tests="1" failures="0" timestamp="2022-08-22T21:14:52 IST" time="0.021" errors="0">
  <testcase name="method1" time="0.021" classname="testngpack.Demo1"/>
  <system-out>
    <![CDATA[method 1]]>
  </system-out>
</testsuite> <!-- testngpack.Demo1 -->
