<?xml version="1.0" encoding="UTF-8"?>
<!-- Generated by org.testng.reporters.JUnitReportReporter -->
<testsuite skipped="0" hostname="BHUSHAN" name="testngpack.Flag6" tests="18" failures="0" timestamp="2022-08-30T14:00:09 IST" time="0.078" errors="0">
  <testcase name="ft3" time="0.016" classname="testngpack.Flag6"/>
  <system-out>
    <![CDATA[Functional test case 3]]>
  </system-out>
  <testcase name="it4" time="0.000" classname="testngpack.Flag6"/>
  <system-out>
    <![CDATA[Integration test case 4]]>
  </system-out>
  <testcase name="ft5" time="0.000" classname="testngpack.Flag6"/>
  <system-out>
    <![CDATA[Functional test case 5]]>
  </system-out>
  <testcase name="ft1" time="0.015" classname="testngpack.Flag6"/>
  <system-out>
    <![CDATA[Functional test case 1]]>
  </system-out>
  <testcase name="it2" time="0.000" classname="testngpack.Flag6"/>
  <system-out>
    <![CDATA[Integration test case 2]]>
  </system-out>
  <testcase name="st6" time="0.000" classname="testngpack.Flag6"/>
  <system-out>
    <![CDATA[Smoke test case 6]]>
  </system-out>
  <testcase name="ft4" time="0.000" classname="testngpack.Flag6"/>
  <system-out>
    <![CDATA[Functional test case 4]]>
  </system-out>
  <testcase name="st2" time="0.000" classname="testngpack.Flag6"/>
  <system-out>
    <![CDATA[Smoke test case 2]]>
  </system-out>
  <testcase name="st5" time="0.000" classname="testngpack.Flag6"/>
  <system-out>
    <![CDATA[Smoke test case 5]]>
  </system-out>
  <testcase name="it1" time="0.000" classname="testngpack.Flag6"/>
  <system-out>
    <![CDATA[Integration test case 1]]>
  </system-out>
  <testcase name="st1" time="0.000" classname="testngpack.Flag6"/>
  <system-out>
    <![CDATA[Smoke test case 1]]>
  </system-out>
  <testcase name="ft2" time="0.000" classname="testngpack.Flag6"/>
  <system-out>
    <![CDATA[Functional test case 2]]>
  </system-out>
  <testcase name="st4" time="0.000" classname="testngpack.Flag6"/>
  <system-out>
    <![CDATA[Smoke test case 4]]>
  </system-out>
  <testcase name="ft6" time="0.015" classname="testngpack.Flag6"/>
  <system-out>
    <![CDATA[Functional test case 6]]>
  </system-out>
  <testcase name="it3" time="0.016" classname="testngpack.Flag6"/>
  <system-out>
    <![CDATA[Integration test case 3]]>
  </system-out>
  <testcase name="it5" time="0.000" classname="testngpack.Flag6"/>
  <system-out>
    <![CDATA[Integration test case 5]]>
  </system-out>
  <testcase name="it6" time="0.000" classname="testngpack.Flag6"/>
  <system-out>
    <![CDATA[Integration test case 6]]>
  </system-out>
  <testcase name="st3" time="0.016" classname="testngpack.Flag6"/>
  <system-out>
    <![CDATA[Smoke test case 3]]>
  </system-out>
</testsuite> <!-- testngpack.Flag6 -->
