<?xml version="1.0" encoding="UTF-8"?>
<!-- Generated by org.testng.reporters.JUnitReportReporter -->
<testsuite skipped="0" hostname="BHUSHAN" name="testngpack.DataproviderCode" tests="5" failures="0" timestamp="2022-08-26T19:13:01 IST" time="47.598" errors="0">
  <testcase name="testActiTimeValidLogin" time="7.178" classname="testngpack.DataproviderCode"/>
  <system-out/>
  <testcase name="testActiTimeValidLogin" time="18.832" classname="testngpack.DataproviderCode"/>
  <system-out/>
  <testcase name="testActiTimeValidLogin" time="8.487" classname="testngpack.DataproviderCode"/>
  <system-out/>
  <testcase name="testActiTimeValidLogin" time="6.690" classname="testngpack.DataproviderCode"/>
  <system-out/>
  <testcase name="testActiTimeValidLogin" time="6.411" classname="testngpack.DataproviderCode"/>
  <system-out/>
</testsuite> <!-- testngpack.DataproviderCode -->
