<?xml version="1.0" encoding="UTF-8"?>
<!-- Generated by org.testng.reporters.JUnitReportReporter -->
<testsuite skipped="0" hostname="BHUSHAN" name="testngpack.ActiTimeTest" tests="3" failures="0" timestamp="2022-08-23T12:43:25 IST" time="0.015" errors="0">
  <testcase name="loginActiTime" time="0.010" classname="testngpack.ActiTimeTest"/>
  <system-out>
    <![CDATA[Login ActiTime]]>
  </system-out>
  <testcase name="createUserActiTime" time="0.002" classname="testngpack.ActiTimeTest"/>
  <system-out>
    <![CDATA[Create User ]]>
  </system-out>
  <testcase name="logoutActiTime" time="0.003" classname="testngpack.ActiTimeTest"/>
  <system-out>
    <![CDATA[logout Actitime ]]>
  </system-out>
</testsuite> <!-- testngpack.ActiTimeTest -->
