<?xml version="1.0" encoding="UTF-8"?>
<!-- Generated by org.testng.reporters.JUnitReportReporter -->
<testsuite skipped="1" hostname="BHUSHAN" name="testngpack.Flag2" tests="3" failures="0" timestamp="2022-08-30T13:47:05 IST" time="0.000" errors="0">
  <testcase name="method3" time="0.000" classname="testngpack.Flag2"/>
  <system-out>
    <![CDATA[ActiTime Create reports ]]>
  </system-out>
  <testcase name="method2" time="0.000" classname="testngpack.Flag2"/>
  <system-out>
    <![CDATA[ActiTime Create User ]]>
  </system-out>
  <testcase name="method1" classname="testngpack.Flag2">
    <skipped/>
  </testcase> <!-- method1 -->
  <system-out/>
</testsuite> <!-- testngpack.Flag2 -->
