<?xml version="1.0" encoding="UTF-8"?>
<!-- Generated by org.testng.reporters.JUnitReportReporter -->
<testsuite skipped="0" hostname="BHUSHAN" name="testngpack.NewTest" tests="1" failures="0" timestamp="2022-08-23T12:36:02 IST" time="0.010" errors="0">
  <testcase name="f" time="0.010" classname="testngpack.NewTest"/>
  <system-out/>
</testsuite> <!-- testngpack.NewTest -->
